Downscaled model is convection permitting . . .
Correcting for stash difference between downscaled and driving model . . . 
large scale rainfall (m01s04i203) + large scale snowfall (m01s04i204) = total precipitation (m01s05i216)
precipitation_flux / (kg m-2 s-1)   (time: 30; latitude: 889; longitude: 1222)
     Dimension coordinates:
          time                           x             -               -
          latitude                       -             x               -
          longitude                      -             -               x
     Auxiliary coordinates:
          day_of_month                   x             -               -
          forecast_period                x             -               -
     Scalar coordinates:
          forecast_reference_time: 2004-01-01 00:00:00
          month: Jan
          year: 2004
     Attributes:
          STASH: m01s05i216
          source: Data from Met Office Unified Model
          um_version: 10.3
     Cell methods:
          mean: time (1 hour)
          mean: day_of_month
Downscaled model is convection permitting . . .
Correcting for stash difference between downscaled and driving model . . . 
large scale rainfall (m01s04i203) + large scale snowfall (m01s04i204) = total precipitation (m01s05i216)
precipitation_flux / (kg m-2 s-1)   (time: 30; latitude: 889; longitude: 1222)
     Dimension coordinates:
          time                           x             -               -
          latitude                       -             x               -
          longitude                      -             -               x
     Auxiliary coordinates:
          day_of_month                   x             -               -
          forecast_period                x             -               -
     Scalar coordinates:
          forecast_reference_time: 2004-01-01 00:00:00
          month: Feb
          year: 2004
     Attributes:
          STASH: m01s05i216
          source: Data from Met Office Unified Model
          um_version: 10.3
     Cell methods:
          mean: time (1 hour)
          mean: day_of_month
Downscaled model is convection permitting . . .
Correcting for stash difference between downscaled and driving model . . . 
large scale rainfall (m01s04i203) + large scale snowfall (m01s04i204) = total precipitation (m01s05i216)
precipitation_flux / (kg m-2 s-1)   (time: 30; latitude: 889; longitude: 1222)
     Dimension coordinates:
          time                           x             -               -
          latitude                       -             x               -
          longitude                      -             -               x
     Auxiliary coordinates:
          day_of_month                   x             -               -
          forecast_period                x             -               -
     Scalar coordinates:
          forecast_reference_time: 2004-01-01 00:00:00
          month: Mar
          year: 2004
     Attributes:
          STASH: m01s05i216
          source: Data from Met Office Unified Model
          um_version: 10.3
     Cell methods:
          mean: time (1 hour)
          mean: day_of_month
Downscaled model is convection permitting . . .
Correcting for stash difference between downscaled and driving model . . . 
large scale rainfall (m01s04i203) + large scale snowfall (m01s04i204) = total precipitation (m01s05i216)
precipitation_flux / (kg m-2 s-1)   (time: 30; latitude: 889; longitude: 1222)
     Dimension coordinates:
          time                           x             -               -
          latitude                       -             x               -
          longitude                      -             -               x
     Auxiliary coordinates:
          day_of_month                   x             -               -
          forecast_period                x             -               -
     Scalar coordinates:
          forecast_reference_time: 2004-01-01 00:00:00
          month: Apr
          year: 2004
     Attributes:
          STASH: m01s05i216
          source: Data from Met Office Unified Model
          um_version: 10.3
     Cell methods:
          mean: time (1 hour)
          mean: day_of_month
Downscaled model is convection permitting . . .
Correcting for stash difference between downscaled and driving model . . . 
large scale rainfall (m01s04i203) + large scale snowfall (m01s04i204) = total precipitation (m01s05i216)
precipitation_flux / (kg m-2 s-1)   (time: 30; latitude: 889; longitude: 1222)
     Dimension coordinates:
          time                           x             -               -
          latitude                       -             x               -
          longitude                      -             -               x
     Auxiliary coordinates:
          day_of_month                   x             -               -
          forecast_period                x             -               -
     Scalar coordinates:
          forecast_reference_time: 2004-01-01 00:00:00
          month: May
          year: 2004
     Attributes:
          STASH: m01s05i216
          source: Data from Met Office Unified Model
          um_version: 10.3
     Cell methods:
          mean: time (1 hour)
          mean: day_of_month
Downscaled model is convection permitting . . .
Correcting for stash difference between downscaled and driving model . . . 
large scale rainfall (m01s04i203) + large scale snowfall (m01s04i204) = total precipitation (m01s05i216)
precipitation_flux / (kg m-2 s-1)   (time: 30; latitude: 889; longitude: 1222)
     Dimension coordinates:
          time                           x             -               -
          latitude                       -             x               -
          longitude                      -             -               x
     Auxiliary coordinates:
          day_of_month                   x             -               -
          forecast_period                x             -               -
     Scalar coordinates:
          forecast_reference_time: 2004-01-01 00:00:00
          month: Jun
          year: 2004
     Attributes:
          STASH: m01s05i216
          source: Data from Met Office Unified Model
          um_version: 10.3
     Cell methods:
          mean: time (1 hour)
          mean: day_of_month
Downscaled model is convection permitting . . .
Correcting for stash difference between downscaled and driving model . . . 
large scale rainfall (m01s04i203) + large scale snowfall (m01s04i204) = total precipitation (m01s05i216)
precipitation_flux / (kg m-2 s-1)   (time: 30; latitude: 889; longitude: 1222)
     Dimension coordinates:
          time                           x             -               -
          latitude                       -             x               -
          longitude                      -             -               x
     Auxiliary coordinates:
          day_of_month                   x             -               -
          forecast_period                x             -               -
     Scalar coordinates:
          forecast_reference_time: 2004-01-01 00:00:00
          month: Jul
          year: 2004
     Attributes:
          STASH: m01s05i216
          source: Data from Met Office Unified Model
          um_version: 10.3
     Cell methods:
          mean: time (1 hour)
          mean: day_of_month
Downscaled model is convection permitting . . .
Correcting for stash difference between downscaled and driving model . . . 
large scale rainfall (m01s04i203) + large scale snowfall (m01s04i204) = total precipitation (m01s05i216)
precipitation_flux / (kg m-2 s-1)   (time: 30; latitude: 889; longitude: 1222)
     Dimension coordinates:
          time                           x             -               -
          latitude                       -             x               -
          longitude                      -             -               x
     Auxiliary coordinates:
          day_of_month                   x             -               -
          forecast_period                x             -               -
     Scalar coordinates:
          forecast_reference_time: 2004-01-01 00:00:00
          month: Aug
          year: 2004
     Attributes:
          STASH: m01s05i216
          source: Data from Met Office Unified Model
          um_version: 10.3
     Cell methods:
          mean: time (1 hour)
          mean: day_of_month
Downscaled model is convection permitting . . .
Correcting for stash difference between downscaled and driving model . . . 
large scale rainfall (m01s04i203) + large scale snowfall (m01s04i204) = total precipitation (m01s05i216)
precipitation_flux / (kg m-2 s-1)   (time: 30; latitude: 889; longitude: 1222)
     Dimension coordinates:
          time                           x             -               -
          latitude                       -             x               -
          longitude                      -             -               x
     Auxiliary coordinates:
          day_of_month                   x             -               -
          forecast_period                x             -               -
     Scalar coordinates:
          forecast_reference_time: 2004-01-01 00:00:00
          month: Sep
          year: 2004
     Attributes:
          STASH: m01s05i216
          source: Data from Met Office Unified Model
          um_version: 10.3
     Cell methods:
          mean: time (1 hour)
          mean: day_of_month
Downscaled model is convection permitting . . .
Correcting for stash difference between downscaled and driving model . . . 
large scale rainfall (m01s04i203) + large scale snowfall (m01s04i204) = total precipitation (m01s05i216)
precipitation_flux / (kg m-2 s-1)   (time: 30; latitude: 889; longitude: 1222)
     Dimension coordinates:
          time                           x             -               -
          latitude                       -             x               -
          longitude                      -             -               x
     Auxiliary coordinates:
          day_of_month                   x             -               -
          forecast_period                x             -               -
     Scalar coordinates:
          forecast_reference_time: 2004-01-01 00:00:00
          month: Oct
          year: 2004
     Attributes:
          STASH: m01s05i216
          source: Data from Met Office Unified Model
          um_version: 10.3
     Cell methods:
          mean: time (1 hour)
          mean: day_of_month
Downscaled model is convection permitting . . .
Correcting for stash difference between downscaled and driving model . . . 
large scale rainfall (m01s04i203) + large scale snowfall (m01s04i204) = total precipitation (m01s05i216)
precipitation_flux / (kg m-2 s-1)   (time: 30; latitude: 889; longitude: 1222)
     Dimension coordinates:
          time                           x             -               -
          latitude                       -             x               -
          longitude                      -             -               x
     Auxiliary coordinates:
          day_of_month                   x             -               -
          forecast_period                x             -               -
     Scalar coordinates:
          forecast_reference_time: 2004-01-01 00:00:00
          month: Nov
          year: 2004
     Attributes:
          STASH: m01s05i216
          source: Data from Met Office Unified Model
          um_version: 10.3
     Cell methods:
          mean: time (1 hour)
          mean: day_of_month
Downscaled model is convection permitting . . .
Correcting for stash difference between downscaled and driving model . . . 
large scale rainfall (m01s04i203) + large scale snowfall (m01s04i204) = total precipitation (m01s05i216)
precipitation_flux / (kg m-2 s-1)   (time: 30; latitude: 889; longitude: 1222)
     Dimension coordinates:
          time                           x             -               -
          latitude                       -             x               -
          longitude                      -             -               x
     Auxiliary coordinates:
          day_of_month                   x             -               -
          forecast_period                x             -               -
     Scalar coordinates:
          forecast_reference_time: 2004-01-01 00:00:00
          month: Dec
          year: 2004
     Attributes:
          STASH: m01s05i216
          source: Data from Met Office Unified Model
          um_version: 10.3
     Cell methods:
          mean: time (1 hour)
          mean: day_of_month
Downscaled model is convection permitting . . .
Correcting for stash difference between downscaled and driving model . . . 
large scale rainfall (m01s04i203) + large scale snowfall (m01s04i204) = total precipitation (m01s05i216)
precipitation_flux / (kg m-2 s-1)   (time: 30; latitude: 889; longitude: 1222)
     Dimension coordinates:
          time                           x             -               -
          latitude                       -             x               -
          longitude                      -             -               x
     Auxiliary coordinates:
          day_of_month                   x             -               -
          forecast_period                x             -               -
     Scalar coordinates:
          forecast_reference_time: 2004-01-01 00:00:00
          month: Jan
          year: 2005
     Attributes:
          STASH: m01s05i216
          source: Data from Met Office Unified Model
          um_version: 10.3
     Cell methods:
          mean: time (1 hour)
          mean: day_of_month
Downscaled model is convection permitting . . .
Correcting for stash difference between downscaled and driving model . . . 
large scale rainfall (m01s04i203) + large scale snowfall (m01s04i204) = total precipitation (m01s05i216)
precipitation_flux / (kg m-2 s-1)   (time: 30; latitude: 889; longitude: 1222)
     Dimension coordinates:
          time                           x             -               -
          latitude                       -             x               -
          longitude                      -             -               x
     Auxiliary coordinates:
          day_of_month                   x             -               -
          forecast_period                x             -               -
     Scalar coordinates:
          forecast_reference_time: 2004-01-01 00:00:00
          month: Feb
          year: 2005
     Attributes:
          STASH: m01s05i216
          source: Data from Met Office Unified Model
          um_version: 10.3
     Cell methods:
          mean: time (1 hour)
          mean: day_of_month
Downscaled model is convection permitting . . .
Correcting for stash difference between downscaled and driving model . . . 
large scale rainfall (m01s04i203) + large scale snowfall (m01s04i204) = total precipitation (m01s05i216)
precipitation_flux / (kg m-2 s-1)   (time: 30; latitude: 889; longitude: 1222)
     Dimension coordinates:
          time                           x             -               -
          latitude                       -             x               -
          longitude                      -             -               x
     Auxiliary coordinates:
          day_of_month                   x             -               -
          forecast_period                x             -               -
     Scalar coordinates:
          forecast_reference_time: 2004-01-01 00:00:00
          month: Mar
          year: 2005
     Attributes:
          STASH: m01s05i216
          source: Data from Met Office Unified Model
          um_version: 10.3
     Cell methods:
          mean: time (1 hour)
          mean: day_of_month
Downscaled model is convection permitting . . .
Correcting for stash difference between downscaled and driving model . . . 
large scale rainfall (m01s04i203) + large scale snowfall (m01s04i204) = total precipitation (m01s05i216)
precipitation_flux / (kg m-2 s-1)   (time: 30; latitude: 889; longitude: 1222)
     Dimension coordinates:
          time                           x             -               -
          latitude                       -             x               -
          longitude                      -             -               x
     Auxiliary coordinates:
          day_of_month                   x             -               -
          forecast_period                x             -               -
     Scalar coordinates:
          forecast_reference_time: 2004-01-01 00:00:00
          month: Apr
          year: 2005
     Attributes:
          STASH: m01s05i216
          source: Data from Met Office Unified Model
          um_version: 10.3
     Cell methods:
          mean: time (1 hour)
          mean: day_of_month
Downscaled model is convection permitting . . .
Correcting for stash difference between downscaled and driving model . . . 
large scale rainfall (m01s04i203) + large scale snowfall (m01s04i204) = total precipitation (m01s05i216)
precipitation_flux / (kg m-2 s-1)   (time: 30; latitude: 889; longitude: 1222)
     Dimension coordinates:
          time                           x             -               -
          latitude                       -             x               -
          longitude                      -             -               x
     Auxiliary coordinates:
          day_of_month                   x             -               -
          forecast_period                x             -               -
     Scalar coordinates:
          forecast_reference_time: 2004-01-01 00:00:00
          month: May
          year: 2005
     Attributes:
          STASH: m01s05i216
          source: Data from Met Office Unified Model
          um_version: 10.3
     Cell methods:
          mean: time (1 hour)
          mean: day_of_month
Downscaled model is convection permitting . . .
Correcting for stash difference between downscaled and driving model . . . 
large scale rainfall (m01s04i203) + large scale snowfall (m01s04i204) = total precipitation (m01s05i216)
precipitation_flux / (kg m-2 s-1)   (time: 30; latitude: 889; longitude: 1222)
     Dimension coordinates:
          time                           x             -               -
          latitude                       -             x               -
          longitude                      -             -               x
     Auxiliary coordinates:
          day_of_month                   x             -               -
          forecast_period                x             -               -
     Scalar coordinates:
          forecast_reference_time: 2004-01-01 00:00:00
          month: Jun
          year: 2005
     Attributes:
          STASH: m01s05i216
          source: Data from Met Office Unified Model
          um_version: 10.3
     Cell methods:
          mean: time (1 hour)
          mean: day_of_month
Downscaled model is convection permitting . . .
Correcting for stash difference between downscaled and driving model . . . 
large scale rainfall (m01s04i203) + large scale snowfall (m01s04i204) = total precipitation (m01s05i216)
precipitation_flux / (kg m-2 s-1)   (time: 30; latitude: 889; longitude: 1222)
     Dimension coordinates:
          time                           x             -               -
          latitude                       -             x               -
          longitude                      -             -               x
     Auxiliary coordinates:
          day_of_month                   x             -               -
          forecast_period                x             -               -
     Scalar coordinates:
          forecast_reference_time: 2004-01-01 00:00:00
          month: Jul
          year: 2005
     Attributes:
          STASH: m01s05i216
          source: Data from Met Office Unified Model
          um_version: 10.3
     Cell methods:
          mean: time (1 hour)
          mean: day_of_month
Downscaled model is convection permitting . . .
Correcting for stash difference between downscaled and driving model . . . 
large scale rainfall (m01s04i203) + large scale snowfall (m01s04i204) = total precipitation (m01s05i216)
precipitation_flux / (kg m-2 s-1)   (time: 30; latitude: 889; longitude: 1222)
     Dimension coordinates:
          time                           x             -               -
          latitude                       -             x               -
          longitude                      -             -               x
     Auxiliary coordinates:
          day_of_month                   x             -               -
          forecast_period                x             -               -
     Scalar coordinates:
          forecast_reference_time: 2004-01-01 00:00:00
          month: Aug
          year: 2005
     Attributes:
          STASH: m01s05i216
          source: Data from Met Office Unified Model
          um_version: 10.3
     Cell methods:
          mean: time (1 hour)
          mean: day_of_month
Downscaled model is convection permitting . . .
Correcting for stash difference between downscaled and driving model . . . 
large scale rainfall (m01s04i203) + large scale snowfall (m01s04i204) = total precipitation (m01s05i216)
precipitation_flux / (kg m-2 s-1)   (time: 30; latitude: 889; longitude: 1222)
     Dimension coordinates:
          time                           x             -               -
          latitude                       -             x               -
          longitude                      -             -               x
     Auxiliary coordinates:
          day_of_month                   x             -               -
          forecast_period                x             -               -
     Scalar coordinates:
          forecast_reference_time: 2004-01-01 00:00:00
          month: Sep
          year: 2005
     Attributes:
          STASH: m01s05i216
          source: Data from Met Office Unified Model
          um_version: 10.3
     Cell methods:
          mean: time (1 hour)
          mean: day_of_month
Downscaled model is convection permitting . . .
Correcting for stash difference between downscaled and driving model . . . 
large scale rainfall (m01s04i203) + large scale snowfall (m01s04i204) = total precipitation (m01s05i216)
precipitation_flux / (kg m-2 s-1)   (time: 30; latitude: 889; longitude: 1222)
     Dimension coordinates:
          time                           x             -               -
          latitude                       -             x               -
          longitude                      -             -               x
     Auxiliary coordinates:
          day_of_month                   x             -               -
          forecast_period                x             -               -
     Scalar coordinates:
          forecast_reference_time: 2004-01-01 00:00:00
          month: Oct
          year: 2005
     Attributes:
          STASH: m01s05i216
          source: Data from Met Office Unified Model
          um_version: 10.3
     Cell methods:
          mean: time (1 hour)
          mean: day_of_month
Downscaled model is convection permitting . . .
Correcting for stash difference between downscaled and driving model . . . 
large scale rainfall (m01s04i203) + large scale snowfall (m01s04i204) = total precipitation (m01s05i216)
precipitation_flux / (kg m-2 s-1)   (time: 30; latitude: 889; longitude: 1222)
     Dimension coordinates:
          time                           x             -               -
          latitude                       -             x               -
          longitude                      -             -               x
     Auxiliary coordinates:
          day_of_month                   x             -               -
          forecast_period                x             -               -
     Scalar coordinates:
          forecast_reference_time: 2004-01-01 00:00:00
          month: Nov
          year: 2005
     Attributes:
          STASH: m01s05i216
          source: Data from Met Office Unified Model
          um_version: 10.3
     Cell methods:
          mean: time (1 hour)
          mean: day_of_month
Downscaled model is convection permitting . . .
Correcting for stash difference between downscaled and driving model . . . 
large scale rainfall (m01s04i203) + large scale snowfall (m01s04i204) = total precipitation (m01s05i216)
precipitation_flux / (kg m-2 s-1)   (time: 30; latitude: 889; longitude: 1222)
     Dimension coordinates:
          time                           x             -               -
          latitude                       -             x               -
          longitude                      -             -               x
     Auxiliary coordinates:
          day_of_month                   x             -               -
          forecast_period                x             -               -
     Scalar coordinates:
          forecast_reference_time: 2004-01-01 00:00:00
          month: Dec
          year: 2005
     Attributes:
          STASH: m01s05i216
          source: Data from Met Office Unified Model
          um_version: 10.3
     Cell methods:
          mean: time (1 hour)
          mean: day_of_month
Downscaled model is convection permitting . . .
Correcting for stash difference between downscaled and driving model . . . 
large scale rainfall (m01s04i203) + large scale snowfall (m01s04i204) = total precipitation (m01s05i216)
precipitation_flux / (kg m-2 s-1)   (time: 30; latitude: 889; longitude: 1222)
     Dimension coordinates:
          time                           x             -               -
          latitude                       -             x               -
          longitude                      -             -               x
     Auxiliary coordinates:
          day_of_month                   x             -               -
          forecast_period                x             -               -
     Scalar coordinates:
          forecast_reference_time: 2004-01-01 00:00:00
          month: Jan
          year: 2006
     Attributes:
          STASH: m01s05i216
          source: Data from Met Office Unified Model
          um_version: 10.3
     Cell methods:
          mean: time (1 hour)
          mean: day_of_month
Downscaled model is convection permitting . . .
Correcting for stash difference between downscaled and driving model . . . 
large scale rainfall (m01s04i203) + large scale snowfall (m01s04i204) = total precipitation (m01s05i216)
precipitation_flux / (kg m-2 s-1)   (time: 30; latitude: 889; longitude: 1222)
     Dimension coordinates:
          time                           x             -               -
          latitude                       -             x               -
          longitude                      -             -               x
     Auxiliary coordinates:
          day_of_month                   x             -               -
          forecast_period                x             -               -
     Scalar coordinates:
          forecast_reference_time: 2004-01-01 00:00:00
          month: Feb
          year: 2006
     Attributes:
          STASH: m01s05i216
          source: Data from Met Office Unified Model
          um_version: 10.3
     Cell methods:
          mean: time (1 hour)
          mean: day_of_month
Downscaled model is convection permitting . . .
Correcting for stash difference between downscaled and driving model . . . 
large scale rainfall (m01s04i203) + large scale snowfall (m01s04i204) = total precipitation (m01s05i216)
precipitation_flux / (kg m-2 s-1)   (time: 30; latitude: 889; longitude: 1222)
     Dimension coordinates:
          time                           x             -               -
          latitude                       -             x               -
          longitude                      -             -               x
     Auxiliary coordinates:
          day_of_month                   x             -               -
          forecast_period                x             -               -
     Scalar coordinates:
          forecast_reference_time: 2004-01-01 00:00:00
          month: Mar
          year: 2006
     Attributes:
          STASH: m01s05i216
          source: Data from Met Office Unified Model
          um_version: 10.3
     Cell methods:
          mean: time (1 hour)
          mean: day_of_month
Downscaled model is convection permitting . . .
Correcting for stash difference between downscaled and driving model . . . 
large scale rainfall (m01s04i203) + large scale snowfall (m01s04i204) = total precipitation (m01s05i216)
precipitation_flux / (kg m-2 s-1)   (time: 20; latitude: 889; longitude: 1222)
     Dimension coordinates:
          time                           x             -               -
          latitude                       -             x               -
          longitude                      -             -               x
     Auxiliary coordinates:
          day_of_month                   x             -               -
          forecast_period                x             -               -
     Scalar coordinates:
          forecast_reference_time: 2004-01-01 00:00:00
          month: Apr
          year: 2006
     Attributes:
          STASH: m01s05i216
          source: Data from Met Office Unified Model
          um_version: 10.3
     Cell methods:
          mean: time (1 hour)
          mean: day_of_month
Downscaled model is convection permitting . . .
Correcting for stash difference between downscaled and driving model . . . 
large scale rainfall (m01s04i203) + large scale snowfall (m01s04i204) = total precipitation (m01s05i216)
precipitation_flux / (kg m-2 s-1)   (time: 19; latitude: 889; longitude: 1222)
     Dimension coordinates:
          time                           x             -               -
          latitude                       -             x               -
          longitude                      -             -               x
     Auxiliary coordinates:
          day_of_month                   x             -               -
          forecast_period                x             -               -
     Scalar coordinates:
          forecast_reference_time: 2004-01-01 00:00:00
          month: Jun
          year: 2006
     Attributes:
          STASH: m01s05i216
          source: Data from Met Office Unified Model
          um_version: 10.3
     Cell methods:
          mean: time (1 hour)
          mean: day_of_month
Downscaled model is convection permitting . . .
Correcting for stash difference between downscaled and driving model . . . 
large scale rainfall (m01s04i203) + large scale snowfall (m01s04i204) = total precipitation (m01s05i216)
precipitation_flux / (kg m-2 s-1)   (time: 11; latitude: 889; longitude: 1222)
     Dimension coordinates:
          time                           x             -               -
          latitude                       -             x               -
          longitude                      -             -               x
     Auxiliary coordinates:
          day_of_month                   x             -               -
          forecast_period                x             -               -
     Scalar coordinates:
          forecast_reference_time: 2004-01-01 00:00:00
          month: Aug
          year: 2006
     Attributes:
          STASH: m01s05i216
          source: Data from Met Office Unified Model
          um_version: 10.3
     Cell methods:
          mean: time (1 hour)
          mean: day_of_month
Downscaled model is convection permitting . . .
Correcting for stash difference between downscaled and driving model . . . 
large scale rainfall (m01s04i203) + large scale snowfall (m01s04i204) = total precipitation (m01s05i216)
precipitation_flux / (kg m-2 s-1)   (time: 30; latitude: 889; longitude: 1222)
     Dimension coordinates:
          time                           x             -               -
          latitude                       -             x               -
          longitude                      -             -               x
     Auxiliary coordinates:
          day_of_month                   x             -               -
          forecast_period                x             -               -
     Scalar coordinates:
          forecast_reference_time: 2004-01-01 00:00:00
          month: Oct
          year: 2006
     Attributes:
          STASH: m01s05i216
          source: Data from Met Office Unified Model
          um_version: 10.3
     Cell methods:
          mean: time (1 hour)
          mean: day_of_month
Downscaled model is convection permitting . . .
Correcting for stash difference between downscaled and driving model . . . 
large scale rainfall (m01s04i203) + large scale snowfall (m01s04i204) = total precipitation (m01s05i216)
precipitation_flux / (kg m-2 s-1)   (time: 30; latitude: 889; longitude: 1222)
     Dimension coordinates:
          time                           x             -               -
          latitude                       -             x               -
          longitude                      -             -               x
     Auxiliary coordinates:
          day_of_month                   x             -               -
          forecast_period                x             -               -
     Scalar coordinates:
          forecast_reference_time: 2004-01-01 00:00:00
          month: Nov
          year: 2006
     Attributes:
          STASH: m01s05i216
          source: Data from Met Office Unified Model
          um_version: 10.3
     Cell methods:
          mean: time (1 hour)
          mean: day_of_month
Downscaled model is convection permitting . . .
Correcting for stash difference between downscaled and driving model . . . 
large scale rainfall (m01s04i203) + large scale snowfall (m01s04i204) = total precipitation (m01s05i216)
precipitation_flux / (kg m-2 s-1)   (time: 30; latitude: 889; longitude: 1222)
     Dimension coordinates:
          time                           x             -               -
          latitude                       -             x               -
          longitude                      -             -               x
     Auxiliary coordinates:
          day_of_month                   x             -               -
          forecast_period                x             -               -
     Scalar coordinates:
          forecast_reference_time: 2004-01-01 00:00:00
          month: Dec
          year: 2006
     Attributes:
          STASH: m01s05i216
          source: Data from Met Office Unified Model
          um_version: 10.3
     Cell methods:
          mean: time (1 hour)
          mean: day_of_month
Downscaled model is convection permitting . . .
Correcting for stash difference between downscaled and driving model . . . 
large scale rainfall (m01s04i203) + large scale snowfall (m01s04i204) = total precipitation (m01s05i216)
precipitation_flux / (kg m-2 s-1)   (time: 30; latitude: 889; longitude: 1222)
     Dimension coordinates:
          time                           x             -               -
          latitude                       -             x               -
          longitude                      -             -               x
     Auxiliary coordinates:
          day_of_month                   x             -               -
          forecast_period                x             -               -
     Scalar coordinates:
          forecast_reference_time: 2004-01-01 00:00:00
          month: Jan
          year: 2007
     Attributes:
          STASH: m01s05i216
          source: Data from Met Office Unified Model
          um_version: 10.3
     Cell methods:
          mean: time (1 hour)
          mean: day_of_month
Downscaled model is convection permitting . . .
Correcting for stash difference between downscaled and driving model . . . 
large scale rainfall (m01s04i203) + large scale snowfall (m01s04i204) = total precipitation (m01s05i216)
precipitation_flux / (kg m-2 s-1)   (time: 30; latitude: 889; longitude: 1222)
     Dimension coordinates:
          time                           x             -               -
          latitude                       -             x               -
          longitude                      -             -               x
     Auxiliary coordinates:
          day_of_month                   x             -               -
          forecast_period                x             -               -
     Scalar coordinates:
          forecast_reference_time: 2004-01-01 00:00:00
          month: Feb
          year: 2007
     Attributes:
          STASH: m01s05i216
          source: Data from Met Office Unified Model
          um_version: 10.3
     Cell methods:
          mean: time (1 hour)
          mean: day_of_month
Downscaled model is convection permitting . . .
Correcting for stash difference between downscaled and driving model . . . 
large scale rainfall (m01s04i203) + large scale snowfall (m01s04i204) = total precipitation (m01s05i216)
Traceback (most recent call last):
  File "/net/home/h05/sburgan/Documents/HORIZON2020_FOCUS/Scripts/process_cp4.py", line 111, in <module>
    cp4_cube_daily = cp4_cube.aggregated_by('day_of_month', iris.analysis.MEAN)
  File "/net/project/ukmo/scitools/opt_scitools/environments/default/2019_02_27/lib/python3.6/site-packages/iris/cube.py", line 3376, in aggregated_by
    raise iris.exceptions.CoordinateCollapseError(msg)
iris.exceptions.CoordinateCollapseError: Cannot group-by the coordinate "day_of_month", as its dimension does not describe any data.
